Misspelled words:
Words Misspelt: 525
a':2
a'b:1
a'c:1
ab:6
absent-minded:1
acute-angled:2
affection--might:1
again--spread:1
against--what:1
aides-de-camp:1
akin':1
all-consummating:1
all-seeing:1
alone--i:1
amb:1
analogy--only:1
anarchical:1
and--if:1
another's:3
answer--for:1
apartments--which:1
apologies--for:1
appeared--no:1
approximator:1
art--or:1
artillerymen:1
as-is:1
ascii:12
assert--and:1
assuming--what:1
at--i:1
attend--it:1
avocations--there:1
away--you:1
b':1
b-:1
back-motion:1
ball-room:1
bass-voiced:1
bd:2
be--a:1
bedimmed:1
behaviour:1
belauded:1
believing':1
bi-lingual:1
bi-mental:1
births--is:1
brain--do:1
brain-power:1
breadth--to:1
breakfast-bell:1
bride--he:1
brightness':1
brother--debarred:1
but--yes:1
by----:1
c':1
called--i:1
carefully-kept:1
catch-phrase:1
cb:1
cbd:1
centre:3
centres:1
certainly--if:1
chromatistes:6
circle--proud:1
circle--who:1
circle--would:1
circles--if:1
circles--took:1
class--creatures:1
classes--about:1
classes--that:1
classes--which:1
colligations:1
colour:30
coloured:3
colourless:3
colours:8
compensative:1
compressions:1
confessed--by:1
configuration--with:1
consumed--and:1
conversazione--must:1
country--if:1
course--being:1
criminality:1
critic--would:1
cube--alas:1
cut-throat:3
cut-throats:1
d':2
d'a:1
dae:1
days--by:1
death-bed:1
death-dealing:1
deceptions--aided:1
defence:4
deference--a:1
degrees--accidentally:1
demonstration--which:1
diaetetic:1
difficulty--yet:1
dimension':1
dimensionable:1
dimensionality:2
dimensions--as:1
dimensions--how:1
discriminative:1
disfavour:1
dishonouring:1
dodecagon:2
dodecagons:1
dodecahedrons:1
doorless:1
dost:1
doubt--it:1
draught:1
draughts:2
e':2
e-mail:1
ebook:13
ebooks:7
edges--and:1
eighth--:1
ein:1
end-ways:1
endeavour:3
endeavoured:4
endeavouring:1
environed:1
enwrap:1
equal-sided:4
equal-sided--often:1
equal-sidedness:1
even--for:1
example--how:1
experience--decline:1
experience--it:1
extends':1
extra-cubes--we:1
extra-height:2
extra-solid:1
extra-solids:3
exuberances:1
eye-glance:2
eye-sight:1
eyes--a:1
failure--:1
far-distant:1
far-off:2
fatuity:1
favour:2
favourable:1
favourably:1
favourite:1
fifty-first:1
first--he:1
first-born:1
five-coloured:1
five-hundred-sided:1
five-hundredth:1
five-sided:2
flagitious:1
flatland:89
flatland--a:1
flatland--know:1
flatland--must:1
flatlander:3
flatlanders:1
foodless:1
forelands:1
former--if:1
forty-five:1
franticly:1
friend--some:1
friends--when:1
full-sized:1
gamboge:1
generalship:2
gentlemen--who:1
geometricians:1
grandfather--one:1
grandpapa:1
grandson--who:1
great-grandfather:1
great-great-great:1
gutenberg-tm:57
half-grasped:1
half-hour:2
half-instructed:1
half-seditious:1
hand--:1
hand-alphabet:1
haply:1
hast:3
he--when:1
height':2
height'--even:1
hereon:1
hexahedrons:1
high':1
high-class:1
high-ness:1
highly-developed:1
him--i:1
himself--and:1
himself--was:1
homage--a:1
honour:4
honourable:3
house-angle:1
how--after:1
https:1
humour:1
i--alas:1
i--poor:1
i--who:1
identical--is:1
ii:2
ill-advised:1
ill-endowed:1
ill-intentioned:1
ill-judged:1
ill-timed:1
illustration--every:1
immemorial--and:1
impatience--for:1
incommode:1
incredible--i:1
indisposes:1
indistinguishably:1
individual--a:1
inexpressibly:1
infecundity:2
infer--from:1
injuriously:1
instinct--of:1
intelligence--it:1
intrudest:1
irs:1
isosceles--for:1
it':1
it--it:1
it--my:1
it--that:1
kinetical:1
kinetics:1
labour:1
laboured:1
labours:1
language--except:1
language--the:1
larger--:1
leader-less:1
leaderless:1
left':2
lengthiness:1
line--how:1
line--say:1
line--your:1
lineland:23
linelander:2
lines--i:1
lip-reading:1
lipspeech:1
machine-readable:1
manner--lost:1
manufactory:1
many-sided:1
many-sidedness:1
marvellous:1
mathematician--a:1
me--from:1
me--i:1
me--o:1
me--whither:1
men--i:1
merchantability:1
micrometer'--as:1
middle-aged:1
millenary:1
minutes----:1
monarch--as:1
month--which:1
mouth--for:1
mr:5
neighbour:1
neighbourhood:3
neighbouring:1
neighbours:6
neo-therapeutic:3
never-to-be:1
ninety-seventh:1
non-dimensional:1
non-education:1
non-existent:4
non-profit:1
nonproprietary:1
north-western:1
northward':2
not--into:1
nurses--and:1
o--------:1
object--her:1
objection--:1
obliquity:1
occured:1
octogon:1
of--by:1
offence:2
oft-investigated:1
oft-regretted:1
old-fashioned:1
omnividence:4
once--after:1
once-seen:1
one--the:1
opportunely:1
or--if:1
ought--besides:1
out-number:1
overleaps:1
own--for:1
own--shall:1
pantocyclus:1
pantocyclus--arose:1
pantocyclus--the:1
passers:2
peace-cry:4
pentagon--for:1
pentahedrons:1
pg:1
pglaf:1
phantasmal:1
physicians--to:1
pick-pocket:2
pick-pockets:1
pin-head:1
placability:1
planless:1
plundered--painted:1
point--has:1
pointland:5
points--all:1
policemen--ill-fated:1
population--an:1
possible--by:1
powder-magazines:1
power--you:1
preconcerted:1
present--perhaps:1
presently--the:1
produce--did:1
prometheus--lie:1
promulgators:1
proposition--that:1
qualification--:1
queller:1
quietism:1
rarely--in:1
re-set:1
re-use:2
recognition----:1
recommend-for-the:1
regardful:1
remember--for:1
reported--having:1
retrogressions:1
returned--no:1
reveal--he:1
revolt--who:1
right':2
risk--but:1
ro:1
rustication:1
said--:1
scarce-possible:1
seditions:1
seemed--:1
self-contented:1
self-contentment:1
self-control:1
self-satisfaction:1
sense--though:1
sept:1
serf-born:1
shadows--only:1
shapers:1
shew:5
shewed:5
shewing:2
shewn:2
shews:1
side--or:1
side-walls:1
side-ways:1
sides--were:1
sight':1
sight--a:1
sir--:1
sitting-room:1
six-coloured:1
six-sided:1
skilfully:1
slight--so:1
so--shall:1
so-and-so:2
so-called:2
somehow--:1
something--for:1
something-which-:1
sometimes--by:1
somewhere--not:1
sonorousness:1
sons--so:1
sons--that:1
soul-devouring:1
space--:1
spaceland:53
spaceland--does:1
spacelanders:3
speaking--no:1
spectator':1
spell-bound:1
sphere--which:1
splendour:1
square--yet:1
st:1
state-craft--but:1
state-secret:1
statical:1
statics:1
straightway:2
sub-lustrous:2
subjects--of:1
summarizer:1
surprise--six:1
ten-sided:1
that--though:1
then--being:1
therefore--although:1
therefore--plurally:1
thing--each:1
third--height:1
thirty-five:1
this--if:1
thought':1
thought--you:1
thoughtland:3
three-dimensioned:1
thunder-peal:1
ticket-collectors:1
tis:1
tradesman--where:1
trap-door:1
trepannings:1
triangle--who:1
triangles--the:1
tricoloured:1
truth--that:1
twelve-sided:1
twenty-four:2
twenty-sided:1
twenty-three:1
ultra-marine:1
unarrestably:1
uncertified:1
understanding--problems:1
unemancipable:1
unenforceability:1
unfavourable:1
unlink:1
unmixed:1
unreflecting:1
unscientific--call:1
upward':1
upward--that:1
url:1
us--next:1
ut:1
utterer:1
vantage-ground:1
vigour:2
viz:6
voice--close:1
voice--which:1
voice-discrimination:1
voices--as:1
w--:1
war-cry:1
way--and:1
way--by:1
weakness--appears:1
well-educated:2
well-educated--when:1
well-governed:1
well-modulated:1
well-nigh:1
wentbridge:2
whence--and:1
whither--have:1
who--speaking:1
wilderness--which:1
will--a:1
will--yet:1
with--:1
wives':1
wives--:1
woman--but:1
woman-hater:1
women--were:1
words--:1
working-classes:1
would-be:2
www:9
yet--i:1
you--as:1
you--for:1
you-do-not:1
young--as:1
Words Misspelt: 525
